1625511028194	geckodriver	INFO	Listening on 127.0.0.1:22643
1625511031211	mozrunner::runner	INFO	Running command: "C:\\Program Files (x86)\\Mozilla Firefox\\firefox.exe" "--marionette" "-foreground" "-no-remote" "-profile" "C:\\Users\\23rad\\AppData\\Local\\Temp\\rust_mozprofile7Lp4FX"
1625511032166	Marionette	INFO	Marionette enabled
console.warn: SearchSettings: "get: No settings file exists, new profile?" (new NotFoundError("Could not open the file at C:\\Users\\23rad\\AppData\\Local\\Temp\\rust_mozprofile7Lp4FX\\search.json.mozlz4", (void 0)))
1625511036656	Marionette	INFO	Listening on port 22651
1625511037021	Marionette	WARN	TLS certificate errors will be ignored for this session
console.log: WebExtensions: reset-default-search: starting.
console.log: WebExtensions: reset-default-search: No addons in our list are installed.
1625523655724	Marionette	INFO	Stopped listening on port 22651
"-profile" "C:\\Users\\23rad\\AppData\\Local\\Temp\\rust_mozprofile9NpNmF"
1625511213685	Marionette	INFO	Marionette enabled
console.warn: SearchSettings: "get: No settings file exists, new profile?" (new NotFoundError("Could not open the file at C:\\Users\\23rad\\AppData\\Local\\Temp\\rust_mozprofile9NpNmF\\search.json.mozlz4", (void 0)))
1625511218410	Marionette	INFO	Listening on port 24895
1625511218706	Marionette	WARN	TLS certificate errors will be ignored for this session
console.log: WebExtensions: reset-default-search: starting.
console.log: WebExtensions: reset-default-search: No addons in our list are installed.
console.error: (new Error("Connection closed before committing the transaction.", "resource://gre/modules/Sqlite.jsm", 687))
1625523657046	Marionette	INFO	Stopped listening on port 24895
onsole.warn: SearchSettings: "get: No settings file exists, new profile?" (new NotFoundError("Could not open the file at C:\\Users\\23rad\\AppData\\Local\\Temp\\rust_mozprofile0Qfu7x\\search.json.mozlz4", (void 0)))
1625511547984	Marionette	INFO	Listening on port 11714
1625511548246	Marionette	WARN	TLS certificate errors will be ignored for this session
console.log: WebExtensions: reset-default-search: starting.
console.log: WebExtensions: reset-default-search: No addons in our list are installed.
1625523655629	Marionette	INFO	Stopped listening on port 11714
"-profile" "C:\\Users\\23rad\\AppData\\Local\\Temp\\rust_mozprofileScmTxZ"
1625511710084	Marionette	INFO	Marionette enabled
console.warn: SearchSettings: "get: No settings file exists, new profile?" (new NotFoundError("Could not open the file at C:\\Users\\23rad\\AppData\\Local\\Temp\\rust_mozprofileScmTxZ\\search.json.mozlz4", (void 0)))
1625511715040	Marionette	INFO	Listening on port 10382
1625511715436	Marionette	WARN	TLS certificate errors will be ignored for this session
console.log: WebExtensions: reset-default-search: starting.
console.log: WebExtensions: reset-default-search: No addons in our list are installed.
1625523657032	Marionette	INFO	Stopped listening on port 10382
JavaScript error: resource:///modules/sessionstore/SessionStore.jsm, line 5046: NS_ERROR_UNEXPECTED: Component returned failure code: 0x8000ffff (NS_ERROR_UNEXPECTED) [nsIWindowMediator.getEnumerator]
w NotFoundError("Could not open the file at C:\\Users\\23rad\\AppData\\Local\\Temp\\rust_mozprofileXVHAqp\\search.json.mozlz4", (void 0)))
1625511750482	Marionette	INFO	Listening on port 7252
1625511751014	Marionette	WARN	TLS certificate errors will be ignored for this session
console.log: WebExtensions: reset-default-search: starting.
console.log: WebExtensions: reset-default-search: No addons in our list are installed.
[Parent 10152, IPC I/O Parent] WARNING: pipe error: 232: file /builds/worker/checkouts/gecko/ipc/chromium/src/chrome/common/ipc_channel_win.cc:544
1625523655623	Marionette	INFO	Stopped listening on port 7252
tings: "get: No settings file exists, new profile?" (new NotFoundError("Could not open the file at C:\\Users\\23rad\\AppData\\Local\\Temp\\rust_mozprofileivcbvw\\search.json.mozlz4", (void 0)))
1625512063771	Marionette	INFO	Listening on port 18686
1625512063906	Marionette	WARN	TLS certificate errors will be ignored for this session
console.log: WebExtensions: reset-default-search: starting.
console.log: WebExtensions: reset-default-search: No addons in our list are installed.
1625523655606	Marionette	INFO	Stopped listening on port 18686
"-profile" "C:\\Users\\23rad\\AppData\\Local\\Temp\\rust_mozprofilem350m6"
1625512283185	Marionette	INFO	Marionette enabled
console.warn: SearchSettings: "get: No settings file exists, new profile?" (new NotFoundError("Could not open the file at C:\\Users\\23rad\\AppData\\Local\\Temp\\rust_mozprofilem350m6\\search.json.mozlz4", (void 0)))
1625512288219	Marionette	INFO	Listening on port 20551
1625512288610	Marionette	WARN	TLS certificate errors will be ignored for this session
console.log: WebExtensions: reset-default-search: starting.
console.log: WebExtensions: reset-default-search: No addons in our list are installed.
[Parent 20300, IPC I/O Parent] WARNING: file /builds/worker/checkouts/gecko/ipc/chromium/src/base/process_util_win.cc:167
1625523655535	Marionette	INFO	Stopped listening on port 20551

console.warn: SearchSettings: "get: No settings file exists, new profile?" (new NotFoundError("Could not open the file at C:\\Users\\23rad\\AppData\\Local\\Temp\\rust_mozprofile8a0tI2\\search.json.mozlz4", (void 0)))
1625512391132	Marionette	INFO	Listening on port 15790
1625512391499	Marionette	WARN	TLS certificate errors will be ignored for this session
console.log: WebExtensions: reset-default-search: starting.
console.log: WebExtensions: reset-default-search: No addons in our list are installed.
1625523655635	Marionette	INFO	Stopped listening on port 15790
514014655	geckodriver	INFO	Listening on 127.0.0.1:32520
1625514017672	mozrunner::runner	INFO	Running command: "C:\\Program Files (x86)\\Mozilla Firefox\\firefox.exe" "--marionette" "-foreground" "-no-remote" "-profile" "C:\\Users\\23rad\\AppData\\Local\\Temp\\rust_mozprofileIvIaEM"
1625514018598	Marionette	INFO	Marionette enabled
console.warn: SearchSettings: "get: No settings file exists, new profile?" (new NotFoundError("Could not open the file at C:\\Users\\23rad\\AppData\\Local\\Temp\\rust_mozprofileIvIaEM\\search.json.mozlz4", (void 0)))
1625514023460	Marionette	INFO	Listening on port 32528
1625514023978	Marionette	WARN	TLS certificate errors will be ignored for this session
console.log: WebExtensions: reset-default-search: starting.
console.log: WebExtensions: reset-default-search: No addons in our list are installed.
1625523656236	Marionette	INFO	Stopped listening on port 32528
"-profile" "C:\\Users\\23rad\\AppData\\Local\\Temp\\rust_mozprofilepVyHv3"
1625514413850	Marionette	INFO	Marionette enabled
console.warn: SearchSettings: "get: No settings file exists, new profile?" (new NotFoundError("Could not open the file at C:\\Users\\23rad\\AppData\\Local\\Temp\\rust_mozprofilepVyHv3\\search.json.mozlz4", (void 0)))
1625514421231	Marionette	INFO	Listening on port 28692
1625514421471	Marionette	WARN	TLS certificate errors will be ignored for this session
console.log: WebExtensions: reset-default-search: starting.
console.log: WebExtensions: reset-default-search: No addons in our list are installed.
1625523657756	Marionette	INFO	Stopped listening on port 28692
"-profile" "C:\\Users\\23rad\\AppData\\Local\\Temp\\rust_mozprofileTEZMno"
1625514608544	Marionette	INFO	Marionette enabled
console.warn: SearchSettings: "get: No settings file exists, new profile?" (new NotFoundError("Could not open the file at C:\\Users\\23rad\\AppData\\Local\\Temp\\rust_mozprofileTEZMno\\search.json.mozlz4", (void 0)))
1625514613941	Marionette	INFO	Listening on port 29910
1625514614458	Marionette	WARN	TLS certificate errors will be ignored for this session
console.log: WebExtensions: reset-default-search: starting.
console.log: WebExtensions: reset-default-search: No addons in our list are installed.

###!!! [Child][RunMessage] Error: Channel closing: too late to send/recv, messages will be lost

1625523655621	Marionette	INFO	Stopped listening on port 29910
.exe" "--marionette" "-foreground" "-no-remote" "-profile" "C:\\Users\\23rad\\AppData\\Local\\Temp\\rust_mozprofile3bjIFW"
1625519152415	Marionette	INFO	Marionette enabled
console.warn: SearchSettings: "get: No settings file exists, new profile?" (new NotFoundError("Could not open the file at C:\\Users\\23rad\\AppData\\Local\\Temp\\rust_mozprofile3bjIFW\\search.json.mozlz4", (void 0)))
1625519157798	Marionette	INFO	Listening on port 22299
1625519157907	Marionette	WARN	TLS certificate errors will be ignored for this session
console.log: WebExtensions: reset-default-search: starting.
console.log: WebExtensions: reset-default-search: No addons in our list are installed.
1625523657080	Marionette	INFO	Stopped listening on port 22299
-profile" "C:\\Users\\23rad\\AppData\\Local\\Temp\\rust_mozprofileunh4V9"
1625519287441	Marionette	INFO	Marionette enabled
console.warn: SearchSettings: "get: No settings file exists, new profile?" (new NotFoundError("Could not open the file at C:\\Users\\23rad\\AppData\\Local\\Temp\\rust_mozprofileunh4V9\\search.json.mozlz4", (void 0)))
1625519295631	Marionette	INFO	Listening on port 1129
1625519296049	Marionette	WARN	TLS certificate errors will be ignored for this session
JavaScript error: https://static.chatra.io/jscss/de6041fbc6a6f2249e7d2f619945a3f82dc08ff9.js?meteor_js_resource=true, line 243: TypeError: window.parent is null
console.log: WebExtensions: reset-default-search: starting.
console.log: WebExtensions: reset-default-search: No addons in our list are installed.
1625523657430	Marionette	INFO	Stopped listening on port 1129

###!!! [Child][RunMessage] Error: Channel closing: too late to send/recv, messages will be lost

NFO	Marionette enabled
console.warn: SearchSettings: "get: No settings file exists, new profile?" (new NotFoundError("Could not open the file at C:\\Users\\23rad\\AppData\\Local\\Temp\\rust_mozprofilexzfC6K\\search.json.mozlz4", (void 0)))
1625519517052	Marionette	INFO	Listening on port 30681
1625519517548	Marionette	WARN	TLS certificate errors will be ignored for this session
console.log: WebExtensions: reset-default-search: starting.
console.log: WebExtensions: reset-default-search: No addons in our list are installed.
1625523655636	Marionette	INFO	Stopped listening on port 30681

###!!! [Child][RunMessage] Error: Channel closing: too late to send/recv, messages will be lost

exe" "--marionette" "-foreground" "-no-remote" "-profile" "C:\\Users\\23rad\\AppData\\Local\\Temp\\rust_mozprofileNBSWDV"
1625520656678	Marionette	INFO	Marionette enabled
console.warn: SearchSettings: "get: No settings file exists, new profile?" (new NotFoundError("Could not open the file at C:\\Users\\23rad\\AppData\\Local\\Temp\\rust_mozprofileNBSWDV\\search.json.mozlz4", (void 0)))
1625520663105	Marionette	INFO	Listening on port 1128
1625520663521	Marionette	WARN	TLS certificate errors will be ignored for this session
console.log: WebExtensions: reset-default-search: starting.
console.log: WebExtensions: reset-default-search: No addons in our list are installed.
[Parent 21292, IPC I/O Parent] WARNING: file /builds/worker/checkouts/gecko/ipc/chromium/src/base/process_util_win.cc:167
1625523655642	Marionette	INFO	Stopped listening on port 1128

console.warn: SearchSettings: "get: No settings file exists, new profile?" (new NotFoundError("Could not open the file at C:\\Users\\23rad\\AppData\\Local\\Temp\\rust_mozprofile1SH76M\\search.json.mozlz4", (void 0)))
1625520832873	Marionette	INFO	Listening on port 28657
1625520833073	Marionette	WARN	TLS certificate errors will be ignored for this session
console.log: WebExtensions: reset-default-search: starting.
console.log: WebExtensions: reset-default-search: No addons in our list are installed.
1625523657483	Marionette	INFO	Stopped listening on port 28657
"-profile" "C:\\Users\\23rad\\AppData\\Local\\Temp\\rust_mozprofileuQK9CX"
1625520890833	Marionette	INFO	Marionette enabled
console.warn: SearchSettings: "get: No settings file exists, new profile?" (new NotFoundError("Could not open the file at C:\\Users\\23rad\\AppData\\Local\\Temp\\rust_mozprofileuQK9CX\\search.json.mozlz4", (void 0)))
1625520896649	Marionette	INFO	Listening on port 1144
1625520896881	Marionette	WARN	TLS certificate errors will be ignored for this session
console.log: WebExtensions: reset-default-search: starting.
console.log: WebExtensions: reset-default-search: No addons in our list are installed.

###!!! [Child][RunMessage] Error: Channel closing: too late to send/recv, messages will be lost


###!!! [Child][RunMessage] Error: Channel closing: too late to send/recv, messages will be lost


###!!! [Child][RunMessage] Error: Channel closing: too late to send/recv, messages will be lost


###!!! [Child][RunMessage] Error: Channel closing: too late to send/recv, messages will be lost

1625523655600	Marionette	INFO	Stopped listening on port 1144
rs\\23rad\\AppData\\Local\\Temp\\rust_mozprofileJhoAPW\\search.json.mozlz4", (void 0)))
1625521721634	Marionette	INFO	Listening on port 25429
1625521721931	Marionette	WARN	TLS certificate errors will be ignored for this session
console.log: WebExtensions: reset-default-search: starting.
console.log: WebExtensions: reset-default-search: No addons in our list are installed.
1625523655621	Marionette	INFO	Stopped listening on port 25429

###!!! [Child][RunMessage] Error: Channel closing: too late to send/recv, messages will be lost

exe" "--marionette" "-foreground" "-no-remote" "-profile" "C:\\Users\\23rad\\AppData\\Local\\Temp\\rust_mozprofileA5jLln"
1625522624598	Marionette	INFO	Marionette enabled
console.warn: SearchSettings: "get: No settings file exists, new profile?" (new NotFoundError("Could not open the file at C:\\Users\\23rad\\AppData\\Local\\Temp\\rust_mozprofileA5jLln\\search.json.mozlz4", (void 0)))
1625522630130	Marionette	INFO	Listening on port 1127
1625522630583	Marionette	WARN	TLS certificate errors will be ignored for this session
1625522656671	geckodriver	INFO	Listening on 127.0.0.1:32677
1625522659650	mozrunner::runner	INFO	Running command: "C:\\Program Files (x86)\\Mozilla Firefox\\firefox.exe" "--marionette" "-foreground" "-no-remote" "-profile" "C:\\Users\\23rad\\AppData\\Local\\Temp\\rust_mozprofileAfmzyS"
1625522660580	Marionette	INFO	Marionette enabled
console.warn: SearchSettings: "get: No settings file exists, new profile?" (new NotFoundError("Could not open the file at C:\\Users\\23rad\\AppData\\Local\\Temp\\rust_mozprofileAfmzyS\\search.json.mozlz4", (void 0)))
1625522666219	Marionette	INFO	Listening on port 16257
1625522666692	Marionette	WARN	TLS certificate errors will be ignored for this session
console.log: WebExtensions: reset-default-search: starting.
console.log: WebExtensions: reset-default-search: No addons in our list are installed.
[Child 6356, IPC I/O Child] WARNING: pipe error: 232: file /builds/worker/checkouts/gecko/ipc/chromium/src/chrome/common/ipc_channel_win.cc:544

###!!! [Child][RunMessage] Error: Channel closing: too late to send/recv, messages will be lost

1625523649763	Marionette	INFO	Stopped listening on port 16257
 C:\\Users\\23rad\\AppData\\Local\\Temp\\rust_mozprofileZMSNLJ\\search.json.mozlz4", (void 0)))
1625522729042	Marionette	INFO	Listening on port 13054
1625522729547	Marionette	WARN	TLS certificate errors will be ignored for this session
1625523234144	geckodriver	INFO	Listening on 127.0.0.1:1124
1625523237126	mozrunner::runner	INFO	Running command: "C:\\Program Files (x86)\\Mozilla Firefox\\firefox.exe" "--marionette" "-foreground" "-no-remote" "-profile" "C:\\Users\\23rad\\AppData\\Local\\Temp\\rust_mozprofileWNeVNe"
1625523240756	Marionette	INFO	Marionette enabled
console.warn: SearchSettings: "get: No settings file exists, new profile?" (new NotFoundError("Could not open the file at C:\\Users\\23rad\\AppData\\Local\\Temp\\rust_mozprofileWNeVNe\\search.json.mozlz4", (void 0)))
console.error: Region.jsm: "Error fetching region" (new Error("TIMEOUT", "resource://gre/modules/Region.jsm", 772))
console.error: Region.jsm: "Failed to fetch region" (new Error("TIMEOUT", "resource://gre/modules/Region.jsm", 419))
1625523261858	Marionette	INFO	Listening on port 1152
1625523262337	Marionette	WARN	TLS certificate errors will be ignored for this session

###!!! [Child][RunMessage] Error: Channel closing: too late to send/recv, messages will be lost

console.error: services.settings: 
  Message: TypeError: NetworkError when attempting to fetch resource.
  Stack:
    timedFetch/<@resource://services-common/kinto-http-client.js:549:22
timedFetch@resource://services-common/kinto-http-client.js:527:20
request@resource://services-common/kinto-http-client.js:613:41
execute@resource://services-common/kinto-http-client.js:2400:44
_fetchChangeset@resource://services-settings/RemoteSettingsClient.jsm:1038:22
_importChanges@resource://services-settings/RemoteSettingsClient.jsm:890:20
maybeSync@resource://services-settings/RemoteSettingsClient.jsm:595:35
observe@resource://gre/modules/AsyncShutdown.jsm:575:16

console.warn: services.settings: security-state/onecrl sync interrupted by shutdown
1625523638867	Marionette	INFO	Stopped listening on port 1152
s session
JavaScript error: , line 0: NotFoundError: No such JSWindowActor 'MarionetteEvents'
JavaScript error: resource://gre/modules/CrashManager.jsm, line 1127: AbortError: IOUtils: Shutting down and refusing additional I/O tasks
1625523639047	Marionette	INFO	Stopped listening on port 33091
