1625509875210	geckodriver	INFO	Listening on 127.0.0.1:28811
1625509878243	mozrunner::runner	INFO	Running command: "C:\\Program Files (x86)\\Mozilla Firefox\\firefox.exe" "--marionette" "-foreground" "-no-remote" "-profile" "C:\\Users\\23rad\\AppData\\Local\\Temp\\rust_mozprofileMJOkEC"
1625509879163	Marionette	INFO	Marionette enabled
console.warn: SearchSettings: "get: No settings file exists, new profile?" (new NotFoundError("Could not open the file at C:\\Users\\23rad\\AppData\\Local\\Temp\\rust_mozprofileMJOkEC\\search.json.mozlz4", (void 0)))
1625509884974	Marionette	INFO	Listening on port 15662
1625509885058	Marionette	WARN	TLS certificate errors will be ignored for this session

###!!! [Child][RunMessage] Error: Channel error: cannot send/recv

1625509927983	Marionette	INFO	Stopped listening on port 15662
86)\\Mozilla Firefox\\firefox.exe" "--marionette" "-foreground" "-no-remote" "-profile" "C:\\Users\\23rad\\AppData\\Local\\Temp\\rust_mozprofilebiaGeY"
1625509918444	Marionette	INFO	Marionette enabled
console.warn: SearchSettings: "get: No settings file exists, new profile?" (new NotFoundError("Could not open the file at C:\\Users\\23rad\\AppData\\Local\\Temp\\rust_mozprofilebiaGeY\\search.json.mozlz4", (void 0)))
1625509923149	Marionette	INFO	Listening on port 2125
1625509923381	Marionette	WARN	TLS certificate errors will be ignored for this session
console.log: WebExtensions: reset-default-search: starting.
console.log: WebExtensions: reset-default-search: No addons in our list are installed.
1625510567313	geckodriver	INFO	Listening on 127.0.0.1:1086
1625510570355	mozrunner::runner	INFO	Running command: "C:\\Program Files (x86)\\Mozilla Firefox\\firefox.exe" "--marionette" "-foreground" "-no-remote" "-profile" "C:\\Users\\23rad\\AppData\\Local\\Temp\\rust_mozprofilebfkTBq"
1625510571074	Marionette	INFO	Marionette enabled
console.warn: SearchSettings: "get: No settings file exists, new profile?" (new NotFoundError("Could not open the file at C:\\Users\\23rad\\AppData\\Local\\Temp\\rust_mozprofilebfkTBq\\search.json.mozlz4", (void 0)))
1625510575534	Marionette	INFO	Listening on port 1098
1625510575662	Marionette	WARN	TLS certificate errors will be ignored for this session
console.log: WebExtensions: reset-default-search: starting.
console.log: WebExtensions: reset-default-search: No addons in our list are installed.

###!!! [Child][RunMessage] Error: Channel closing: too late to send/recv, messages will be lost

1625523655622	Marionette	INFO	Stopped listening on port 1098

###!!! [Child][RunMessage] Error: Channel closing: too late to send/recv, messages will be lost

ew NotFoundError("Could not open the file at C:\\Users\\23rad\\AppData\\Local\\Temp\\rust_mozprofileT1NWgv\\search.json.mozlz4", (void 0)))
1625510697172	Marionette	INFO	Listening on port 1221
1625510697650	Marionette	WARN	TLS certificate errors will be ignored for this session
console.log: WebExtensions: reset-default-search: starting.
console.log: WebExtensions: reset-default-search: No addons in our list are installed.
1625523655623	Marionette	INFO	Stopped listening on port 1221
5523042222	mozrunner::runner	INFO	Running command: "C:\\Program Files (x86)\\Mozilla Firefox\\firefox.exe" "--marionette" "-foreground" "-no-remote" "-profile" "C:\\Users\\23rad\\AppData\\Local\\Temp\\rust_mozprofile4wYhld"
1625523044858	Marionette	INFO	Marionette enabled
console.warn: SearchSettings: "get: No settings file exists, new profile?" (new NotFoundError("Could not open the file at C:\\Users\\23rad\\AppData\\Local\\Temp\\rust_mozprofile4wYhld\\search.json.mozlz4", (void 0)))
console.error: Region.jsm: "Error fetching region" (new Error("TIMEOUT", "resource://gre/modules/Region.jsm", 772))
console.error: Region.jsm: "Failed to fetch region" (new Error("TIMEOUT", "resource://gre/modules/Region.jsm", 419))
1625523068017	Marionette	INFO	Listening on port 1139
1625523068466	Marionette	WARN	TLS certificate errors will be ignored for this session
console.log: WebExtensions: reset-default-search: starting.
console.log: WebExtensions: reset-default-search: No addons in our list are installed.
1625523641433	Marionette	INFO	Stopped listening on port 1139
1625523658718	geckodriver	INFO	Listening on 127.0.0.1:1072
1625523661754	mozrunner::runner	INFO	Running command: "C:\\Program Files (x86)\\Mozilla Firefox\\firefox.exe" "--marionette" "-foreground" "-no-remote" "-profile" "C:\\Users\\23rad\\AppData\\Local\\Temp\\rust_mozprofile3FIfDs"
1625523663004	Marionette	INFO	Marionette enabled
console.warn: SearchSettings: "get: No settings file exists, new profile?" (new NotFoundError("Could not open the file at C:\\Users\\23rad\\AppData\\Local\\Temp\\rust_mozprofile3FIfDs\\search.json.mozlz4", (void 0)))
console.warn: SearchService: "_init: abandoning init due to shutting down"
JavaScript error: , line 0: uncaught exception: 2147500036
JavaScript error: , line 0: uncaught exception: 2147500036
JavaScript error: , line 0: uncaught exception: 2147500036
JavaScript error: , line 0: uncaught exception: 2147500036
JavaScript error: , line 0: uncaught exception: 2147500036
[Parent 9780, IPC I/O Parent] WARNING: pipe error: 232: file /builds/worker/checkouts/gecko/ipc/chromium/src/chrome/common/ipc_channel_win.cc:544
[Parent 9780, IPC I/O Parent] WARNING: pipe error: 232: file /builds/worker/checkouts/gecko/ipc/chromium/src/chrome/common/ipc_channel_win.cc:544
JavaScript error: resource://gre/modules/CrashManager.jsm, line 829: AbortError: IOUtils: Shutting down and refusing additional I/O tasks
